<?xml version="1.0" encoding="UTF-8"?>
<!-- Generated by org.testng.reporters.JUnitReportReporter -->
<testsuite hostname="Admins-MacBook-Pro.local" failures="0" tests="1" name="components.TestRunner" time="6.359" errors="0" timestamp="2025-06-27T09:30:42 PST" skipped="0">
  <testcase classname="components.TestRunner" name="runScenario" time="6.359"/>
</testsuite> <!-- components.TestRunner -->
