<?xml version="1.0" encoding="UTF-8"?>
<!-- Generated by org.testng.reporters.JUnitReportReporter -->
<testsuite hostname="Admins-MacBook-Pro.local" failures="0" tests="1" name="scripts.StandAloneTest" time="4.415" errors="0" timestamp="2025-06-26T12:37:33 PST" skipped="0">
  <testcase classname="scripts.StandAloneTest" name="registerNewUser" time="4.415"/>
</testsuite> <!-- scripts.StandAloneTest -->
