<?xml version="1.0" encoding="UTF-8"?>
<!-- Generated by org.testng.reporters.JUnitReportReporter -->
<testsuite hostname="Admins-MacBook-Pro.local" failures="0" tests="1" name="scripts.TC1_RegisterUser" time="7.752" errors="0" timestamp="2025-06-26T17:56:36 PST" skipped="0">
  <testcase classname="scripts.TC1_RegisterUser" name="registerNewUser" time="7.752"/>
</testsuite> <!-- scripts.TC1_RegisterUser -->
