<?xml version="1.0" encoding="UTF-8"?>
<!-- Generated by org.testng.reporters.JUnitReportReporter -->
<testsuite hostname="Admins-MacBook-Pro.local" failures="0" tests="4" name="components.TestRunner" time="73.024" errors="0" timestamp="2025-07-07T11:26:54 PST" skipped="0">
  <testcase classname="components.TestRunner" name="runScenario" time="1.406"/>
  <testcase classname="components.TestRunner" name="runScenario" time="49.544"/>
  <testcase classname="components.TestRunner" name="runScenario" time="11.761"/>
  <testcase classname="components.TestRunner" name="runScenario" time="10.313"/>
</testsuite> <!-- components.TestRunner -->
