<?xml version="1.0" encoding="UTF-8"?>
<!-- Generated by org.testng.reporters.JUnitReportReporter -->
<testsuite hostname="Admins-MacBook-Pro.local" failures="0" tests="1" name="scripts.TC1_RegisterUser" time="11.569" errors="0" timestamp="2025-06-26T22:02:31 PST" skipped="0">
  <testcase classname="scripts.TC1_RegisterUser" name="registerNewUser" time="11.569"/>
</testsuite> <!-- scripts.TC1_RegisterUser -->
